[2026-05-31T20:28:24.631Z] GET http://localhost:5187/ → 200 (9ms, 884B)
[2026-05-31T20:28:24.650Z] GET http://localhost:5187/@vite/client → 200 (11ms, 209821B)
[2026-05-31T20:28:24.650Z] GET https://fonts.googleapis.com/css2?family=Rubik:ital,wght@0,400;0,500;0,600;0,700;1,400&display=swap → 200 (130ms, 13178B)
[2026-05-31T20:28:24.650Z] GET http://localhost:5187/src/main.jsx?t=1780259287703 → 200 (9ms, 1674B)
[2026-05-31T20:28:24.654Z] GET http://localhost:5187/@react-refresh → 200 (7ms, 111894B)
[2026-05-31T20:28:24.660Z] GET http://localhost:5187/node_modules/.vite/deps/react.js?v=f3bff4e4 → 200 (1ms, 755B)
[2026-05-31T20:28:24.660Z] GET http://localhost:5187/node_modules/.vite/deps/react-dom_client.js?v=f3bff4e4 → 200 (29ms, 820919B)
[2026-05-31T20:28:24.660Z] GET http://localhost:5187/src/styles/main.scss?t=1780259224906 → 200 (19ms, 20908B)
[2026-05-31T20:28:24.660Z] GET http://localhost:5187/src/App.jsx?t=1780259287703 → 200 (20ms, 11653B)
[2026-05-31T20:28:24.660Z] GET http://localhost:5187/node_modules/.vite/deps/react_jsx-dev-runtime.js?v=f3bff4e4 → 200 (22ms, 10510B)
[2026-05-31T20:28:24.661Z] GET http://localhost:5187/node_modules/vite/dist/client/env.mjs → 200 (14ms, 3478B)
[2026-05-31T20:28:24.661Z] GET http://localhost:5187/node_modules/.vite/deps/react-DI8Hxiyg.js?v=f3bff4e4 → 200 (15ms, 38369B)
[2026-05-31T20:28:24.681Z] GET http://localhost:5187/src/components/Text.jsx → 200 (6ms, 6989B)
[2026-05-31T20:28:24.682Z] GET http://localhost:5187/src/docs/routes.js?t=1780259287703 → 200 (5ms, 3277B)
[2026-05-31T20:28:24.687Z] GET http://localhost:5187/src/lib/cx.js → 200 (2ms, 805B)
[2026-05-31T20:28:24.687Z] GET http://localhost:5187/src/docs/pages/HomePage.jsx → 200 (2ms, 6184B)
[2026-05-31T20:28:24.687Z] GET http://localhost:5187/src/docs/pages/ColorsPage.jsx?t=1780259266416 → 200 (2ms, 14208B)
[2026-05-31T20:28:24.687Z] GET http://localhost:5187/src/docs/pages/TypographyPage.jsx?t=1780259287703 → 200 (2ms, 19905B)
[2026-05-31T20:28:24.687Z] GET http://localhost:5187/src/docs/pages/ButtonPage.jsx → 200 (3ms, 15620B)
[2026-05-31T20:28:24.687Z] GET http://localhost:5187/src/docs/pages/BadgePage.jsx → 200 (3ms, 12436B)
[2026-05-31T20:28:24.689Z] GET http://localhost:5187/src/docs/DocPage.jsx → 200 (1ms, 4211B)
[2026-05-31T20:28:24.689Z] GET http://localhost:5187/src/docs/primitives.jsx → 200 (1ms, 11600B)
[2026-05-31T20:28:24.690Z] GET http://localhost:5187/node_modules/.vite/deps/react-dom.js?v=f3bff4e4 → 200 (?ms, 14567B)
[2026-05-31T20:28:24.690Z] GET http://localhost:5187/src/docs/tokens.js → 200 (1ms, 16501B)
[2026-05-31T20:28:24.690Z] GET http://localhost:5187/src/docs/ComponentPage.jsx → 200 (1ms, 7842B)
[2026-05-31T20:28:24.690Z] GET http://localhost:5187/src/components/Button.jsx → 200 (1ms, 4144B)
[2026-05-31T20:28:24.690Z] GET http://localhost:5187/src/components/Badge.jsx → 200 (1ms, 4114B)
[2026-05-31T20:28:24.900Z] GET https://fonts.gstatic.com/s/rubik/v31/iJWKBXyIfDnIV7nBrXyw023e.woff2 → 200 (109ms, 35324B)
